------------------------------------------------------------------------------
------------------------------------------------------------------------------
Copyright (c) 2023 Foxconn. All Rights Reserved.
For Athena Project System Test
------------------------------------------------------------------------------
------------------------------------------------------------------------------
>>>>>>>>>>>>>>>>>>>>>>>>>>>>>>> getBIOSVersion >>>>>>>>>>>>>>>>>>>>>>>>>>>>>>>>>


<<<<<<<<<<<<<<<<<<<<<<<<<<<<<<< getBIOSVersion <<<<<<<<<<<<<<<<<<<<<<<<<<<<<<<<<



>>>>>>>>>>>>>>>>>>>>>>>>>>>>>>> getBMCVersion >>>>>>>>>>>>>>>>>>>>>>>>>>>>>>>>>

null

<<<<<<<<<<<<<<<<<<<<<<<<<<<<<<< getBMCVersion <<<<<<<<<<<<<<<<<<<<<<<<<<<<<<<<<



>>>>>>>>>>>>>>>>>>>>>>>>>>>>>>> getBootDevice >>>>>>>>>>>>>>>>>>>>>>>>>>>>>>>>>

Pysical disk total count: 1

<<<<<<<<<<<<<<<<<<<<<<<<<<<<<<< getBootDevice <<<<<<<<<<<<<<<<<<<<<<<<<<<<<<<<<



>>>>>>>>>>>>>>>>>>>>>>>>>>>>>>> getCPUInfo >>>>>>>>>>>>>>>>>>>>>>>>>>>>>>>>>


---
Socket enabled in /proc/cpuinfo: 8

<<<<<<<<<<<<<<<<<<<<<<<<<<<<<<< getCPUInfo <<<<<<<<<<<<<<<<<<<<<<<<<<<<<<<<<



>>>>>>>>>>>>>>>>>>>>>>>>>>>>>>> getgsysVersion >>>>>>>>>>>>>>>>>>>>>>>>>>>>>>>>>


<<<<<<<<<<<<<<<<<<<<<<<<<<<<<<< getgsysVersion <<<<<<<<<<<<<<<<<<<<<<<<<<<<<<<<<



>>>>>>>>>>>>>>>>>>>>>>>>>>>>>>> getKernelVersion >>>>>>>>>>>>>>>>>>>>>>>>>>>>>>>

MINGW64_NT-10.0-19045 DESKTOP-QCTOFFR 3.4.7-ea781829.x86_64 2023-07-05 12:05 UTC x86_64 Msys

<<<<<<<<<<<<<<<<<<<<<<<<<<<<<<< getKernelVersion <<<<<<<<<<<<<<<<<<<<<<<<<<<<<<<



>>>>>>>>>>>>>>>>>>>>>>>>>>>>>>> getMemoryInfo >>>>>>>>>>>>>>>>>>>>>>>>>>>>>>>>>


---
DIMM total count: 0

DIMM total Size in /proc/meminfo(kb):8117024

<<<<<<<<<<<<<<<<<<<<<<<<<<<<<<< getMemoryInfo <<<<<<<<<<<<<<<<<<<<<<<<<<<<<<<<<



>>>>>>>>>>>>>>>>>>>>>>>>>>>>>>> getMotherBoardInfo >>>>>>>>>>>>>>>>>>>>>>>>>>>>>

All EEPROMS
null

Any USB conections: 

<<<<<<<<<<<<<<<<<<<<<<<<<<<<<<< getMotherBoardInfo <<<<<<<<<<<<<<<<<<<<<<<<<<<<<



>>>>>>>>>>>>>>>>>>>>>>>>>>>>>>> getNICInfo >>>>>>>>>>>>>>>>>>>>>>>>>>>>>>>>>

NIC total count: 1

<<<<<<<<<<<<<<<<<<<<<<<<<<<<<<< getNICInfo <<<<<<<<<<<<<<<<<<<<<<<<<<<<<<<<<



>>>>>>>>>>>>>>>>>>>>>>>>>>>>>>> getSensorInfo >>>>>>>>>>>>>>>>>>>>>>>>>>>>>>>>>

null

<<<<<<<<<<<<<<<<<<<<<<<<<<<<<<< getSensorInfo <<<<<<<<<<<<<<<<<<<<<<<<<<<<<<<<<



